<?xml version="1.0" encoding="UTF-8"?>
<robot generator="Robot 4.1.3 (Python 3.10.1 on win32)" generated="20220926 15:06:06.613" rpa="false" schemaversion="2">
<suite id="s1" name="Recurre Month Lunch" source="C:\Users\Alejandro\Desktop\CMS_Recurrence_Monthly\Recurre_Month_Lunch.robot">
<kw name="web setup" library="Keywords" type="SETUP">
<kw name="Open Browser" library="SeleniumLibrary">
<arg>${website}</arg>
<arg>${browser}</arg>
<doc>Opens a new browser instance to the optional ``url``.</doc>
<msg timestamp="20220926 15:06:06.811" level="INFO">Opening browser 'firefox' to base url 'http://dev.www.engage360.evacompute.com:8080/'.</msg>
<msg timestamp="20220926 15:06:06.812" level="INFO">Firefox driver log is always forced to to: C:\Users\Alejandro\Desktop\CMS_Recurrence_Monthly\geckodriver-1.log</msg>
<status status="PASS" starttime="20220926 15:06:06.810" endtime="20220926 15:06:14.610"/>
</kw>
<kw name="Maximize Browser Window" library="SeleniumLibrary">
<doc>Maximizes current browser window.</doc>
<status status="PASS" starttime="20220926 15:06:14.610" endtime="20220926 15:06:14.978"/>
</kw>
<kw name="Set Selenium Implicit Wait" library="SeleniumLibrary">
<arg>15 s</arg>
<doc>Sets the implicit wait value used by Selenium.</doc>
<status status="PASS" starttime="20220926 15:06:14.978" endtime="20220926 15:06:14.980"/>
</kw>
<kw name="Wait Until Element Is Visible" library="SeleniumLibrary">
<arg>css=#kc-header</arg>
<doc>Waits until the element ``locator`` is visible.</doc>
<status status="PASS" starttime="20220926 15:06:14.981" endtime="20220926 15:06:15.395"/>
</kw>
<kw name="Title Should Be" library="SeleniumLibrary">
<arg>Log in to ENGAGE360</arg>
<doc>Verifies that the current page title equals ``title``.</doc>
<msg timestamp="20220926 15:06:15.400" level="INFO">Page title is 'Log in to ENGAGE360'.</msg>
<status status="PASS" starttime="20220926 15:06:15.395" endtime="20220926 15:06:15.400"/>
</kw>
<kw name="Wait Until Element Is Visible" library="SeleniumLibrary">
<arg>id=username</arg>
<doc>Waits until the element ``locator`` is visible.</doc>
<status status="PASS" starttime="20220926 15:06:15.400" endtime="20220926 15:06:15.449"/>
</kw>
<kw name="Click Element" library="SeleniumLibrary">
<arg>id=username</arg>
<doc>Click the element identified by ``locator``.</doc>
<msg timestamp="20220926 15:06:15.450" level="INFO">Clicking element 'id=username'.</msg>
<status status="PASS" starttime="20220926 15:06:15.449" endtime="20220926 15:06:15.707"/>
</kw>
<kw name="Input Text" library="SeleniumLibrary">
<arg>id=username</arg>
<arg>${Email}</arg>
<doc>Types the given ``text`` into the text field identified by ``locator``.</doc>
<msg timestamp="20220926 15:06:15.707" level="INFO">Typing text 'superUser' into text field 'id=username'.</msg>
<status status="PASS" starttime="20220926 15:06:15.707" endtime="20220926 15:06:15.723"/>
</kw>
<kw name="Click Element" library="SeleniumLibrary">
<arg>id=password</arg>
<doc>Click the element identified by ``locator``.</doc>
<msg timestamp="20220926 15:06:15.723" level="INFO">Clicking element 'id=password'.</msg>
<status status="PASS" starttime="20220926 15:06:15.723" endtime="20220926 15:06:16.004"/>
</kw>
<kw name="Input Text" library="SeleniumLibrary">
<arg>id=password</arg>
<arg>${Password}</arg>
<doc>Types the given ``text`` into the text field identified by ``locator``.</doc>
<msg timestamp="20220926 15:06:16.006" level="INFO">Typing text 'SuperAdmin1@' into text field 'id=password'.</msg>
<status status="PASS" starttime="20220926 15:06:16.005" endtime="20220926 15:06:16.036"/>
</kw>
<kw name="Click Button" library="SeleniumLibrary">
<arg>name=login</arg>
<doc>Clicks the button identified by ``locator``.</doc>
<msg timestamp="20220926 15:06:16.037" level="INFO">Clicking button 'name=login'.</msg>
<status status="PASS" starttime="20220926 15:06:16.036" endtime="20220926 15:06:17.724"/>
</kw>
<status status="PASS" starttime="20220926 15:06:06.810" endtime="20220926 15:06:17.727"/>
</kw>
<test id="s1-t1" name="PR02 Automation to enter Community Waterford Recurrence Monthly (Lunch)">
<kw name="Scroll Element Into View" library="SeleniumLibrary">
<arg>${Icon_Communities}</arg>
<doc>Scrolls the element identified by ``locator`` into view.</doc>
<status status="PASS" starttime="20220926 15:06:17.731" endtime="20220926 15:06:20.010"/>
</kw>
<kw name="Press Keys" library="SeleniumLibrary">
<arg>${Icon_Communities}</arg>
<arg>enter</arg>
<doc>Simulates the user pressing key(s) to an element or on the active browser.</doc>
<msg timestamp="20220926 15:06:20.011" level="INFO">Sending key(s) ('enter',) to id=SuperUserCombo_open_btn element.</msg>
<msg timestamp="20220926 15:06:20.336" level="INFO">Sending keys enter</msg>
<status status="PASS" starttime="20220926 15:06:20.011" endtime="20220926 15:06:20.354"/>
</kw>
<kw name="Click Element" library="SeleniumLibrary">
<arg>${Waterford}</arg>
<doc>Click the element identified by ``locator``.</doc>
<msg timestamp="20220926 15:06:20.356" level="INFO">Clicking element 'SuperUserCombo-option-30'.</msg>
<status status="PASS" starttime="20220926 15:06:20.356" endtime="20220926 15:06:20.624"/>
</kw>
<kw name="Wait Until Element Is Visible" library="SeleniumLibrary">
<arg>${Total_Opened}</arg>
<doc>Waits until the element ``locator`` is visible.</doc>
<status status="PASS" starttime="20220926 15:06:20.624" endtime="20220926 15:06:20.876"/>
</kw>
<kw name="Set Focus To Element" library="SeleniumLibrary">
<arg>${Total_Opened}</arg>
<doc>Sets the focus to the element identified by ``locator``.</doc>
<status status="PASS" starttime="20220926 15:06:20.877" endtime="20220926 15:06:21.175"/>
</kw>
<kw name="Element Should Be Visible" library="SeleniumLibrary">
<arg>${Total_Opened}</arg>
<arg>Total Opened</arg>
<doc>Verifies that the element identified by ``locator`` is visible.</doc>
<msg timestamp="20220926 15:06:21.195" level="INFO">Element 'id=repairPage_Image' is displayed.</msg>
<status status="PASS" starttime="20220926 15:06:21.176" endtime="20220926 15:06:21.195"/>
</kw>
<kw name="Mouse Over" library="SeleniumLibrary">
<arg>${Total_Opened}</arg>
<doc>Simulates hovering the mouse over the element ``locator``.</doc>
<msg timestamp="20220926 15:06:21.203" level="INFO">Simulating Mouse Over on element 'id=repairPage_Image'.</msg>
<status status="PASS" starttime="20220926 15:06:21.202" endtime="20220926 15:06:21.494"/>
</kw>
<kw name="Execute Javascript" library="SeleniumLibrary">
<arg>${Dinning}</arg>
<doc>Executes the given JavaScript code with possible arguments.</doc>
<msg timestamp="20220926 15:06:21.495" level="INFO">Executing JavaScript:
document.getElementById('SideNav_Menu_Dinning').click()
Without any arguments.</msg>
<status status="PASS" starttime="20220926 15:06:21.495" endtime="20220926 15:06:21.730"/>
</kw>
<kw name="Scroll Element Into View" library="SeleniumLibrary">
<arg>${Community}</arg>
<doc>Scrolls the element identified by ``locator`` into view.</doc>
<status status="PASS" starttime="20220926 15:06:21.732" endtime="20220926 15:06:22.051"/>
</kw>
<kw name="Wait Until Element Is Visible" library="SeleniumLibrary">
<arg>${Community}</arg>
<doc>Waits until the element ``locator`` is visible.</doc>
<status status="PASS" starttime="20220926 15:06:22.051" endtime="20220926 15:06:22.243"/>
</kw>
<kw name="Set Focus To Element" library="SeleniumLibrary">
<arg>${Community}</arg>
<doc>Sets the focus to the element identified by ``locator``.</doc>
<status status="PASS" starttime="20220926 15:06:22.243" endtime="20220926 15:06:22.259"/>
</kw>
<kw name="Double Click Element" library="SeleniumLibrary">
<arg>${Community}</arg>
<doc>Double clicks the element identified by ``locator``.</doc>
<msg timestamp="20220926 15:06:22.260" level="INFO">Double clicking element 'SuperUserCombo'.</msg>
<status status="PASS" starttime="20220926 15:06:22.260" endtime="20220926 15:06:22.603"/>
</kw>
<kw name="Execute Javascript" library="SeleniumLibrary">
<arg>${Add Menu Item}</arg>
<doc>Executes the given JavaScript code with possible arguments.</doc>
<msg timestamp="20220926 15:06:22.604" level="INFO">Executing JavaScript:
document.getElementById('dining_new_dining_btn').click()
Without any arguments.</msg>
<status status="PASS" starttime="20220926 15:06:22.603" endtime="20220926 15:06:22.817"/>
</kw>
<kw name="Input Text" library="SeleniumLibrary">
<arg>${dining_title}</arg>
<arg>Chicken Breast</arg>
<doc>Types the given ``text`` into the text field identified by ``locator``.</doc>
<msg timestamp="20220926 15:06:22.818" level="INFO">Typing text 'Chicken Breast' into text field 'id=add_dining_title'.</msg>
<status status="PASS" starttime="20220926 15:06:22.818" endtime="20220926 15:06:23.993"/>
</kw>
<kw name="Input Text" library="SeleniumLibrary">
<arg>${dining_description}</arg>
<arg>vegetable garnish</arg>
<doc>Types the given ``text`` into the text field identified by ``locator``.</doc>
<msg timestamp="20220926 15:06:23.994" level="INFO">Typing text 'vegetable garnish' into text field 'id=add_dining_description'.</msg>
<status status="PASS" starttime="20220926 15:06:23.994" endtime="20220926 15:06:25.228"/>
</kw>
<kw name="Input Text" library="SeleniumLibrary">
<arg>${image}</arg>
<arg>Chicken Breast</arg>
<doc>Types the given ``text`` into the text field identified by ``locator``.</doc>
<msg timestamp="20220926 15:06:25.229" level="INFO">Typing text 'Chicken Breast' into text field 'name=image_url'.</msg>
<status status="PASS" starttime="20220926 15:06:25.228" endtime="20220926 15:06:25.780"/>
</kw>
<kw name="Click Element" library="SeleniumLibrary">
<arg>${Search}</arg>
<doc>Click the element identified by ``locator``.</doc>
<msg timestamp="20220926 15:06:25.784" level="INFO">Clicking element 'id=dining_search_icon'.</msg>
<status status="PASS" starttime="20220926 15:06:25.781" endtime="20220926 15:06:26.213"/>
</kw>
<kw name="Scroll Element Into View" library="SeleniumLibrary">
<arg>id=image_2215709</arg>
<doc>Scrolls the element identified by ``locator`` into view.</doc>
<status status="PASS" starttime="20220926 15:06:26.217" endtime="20220926 15:06:26.833"/>
</kw>
<kw name="Click Element" library="SeleniumLibrary">
<arg>id=image_2215709</arg>
<doc>Click the element identified by ``locator``.</doc>
<msg timestamp="20220926 15:06:26.835" level="INFO">Clicking element 'id=image_2215709'.</msg>
<status status="PASS" starttime="20220926 15:06:26.834" endtime="20220926 15:06:27.079"/>
</kw>
<kw name="Click Element" library="SeleniumLibrary">
<arg>${DONE}</arg>
<doc>Click the element identified by ``locator``.</doc>
<msg timestamp="20220926 15:06:27.080" level="INFO">Clicking element 'id=done_btn'.</msg>
<status status="PASS" starttime="20220926 15:06:27.079" endtime="20220926 15:06:27.361"/>
</kw>
<kw name="Execute Javascript" library="SeleniumLibrary">
<arg>window.scrollTo(0,document.body.scrollHeight)</arg>
<doc>Executes the given JavaScript code with possible arguments.</doc>
<msg timestamp="20220926 15:06:27.362" level="INFO">Executing JavaScript:
window.scrollTo(0,document.body.scrollHeight)
Without any arguments.</msg>
<status status="PASS" starttime="20220926 15:06:27.361" endtime="20220926 15:06:27.364"/>
</kw>
<kw name="Execute Javascript" library="SeleniumLibrary">
<arg>window.scrollTo(0,document.body.scrollDown)</arg>
<doc>Executes the given JavaScript code with possible arguments.</doc>
<msg timestamp="20220926 15:06:27.365" level="INFO">Executing JavaScript:
window.scrollTo(0,document.body.scrollDown)
Without any arguments.</msg>
<status status="PASS" starttime="20220926 15:06:27.365" endtime="20220926 15:06:27.370"/>
</kw>
<kw name="Scroll Element Into View" library="SeleniumLibrary">
<arg>${tags}</arg>
<doc>Scrolls the element identified by ``locator`` into view.</doc>
<status status="PASS" starttime="20220926 15:06:27.371" endtime="20220926 15:06:27.676"/>
</kw>
<kw name="Input Text" library="SeleniumLibrary">
<arg>${tags}</arg>
<arg>Delicious</arg>
<doc>Types the given ``text`` into the text field identified by ``locator``.</doc>
<msg timestamp="20220926 15:06:27.677" level="INFO">Typing text 'Delicious' into text field 'id=add_dining_tags'.</msg>
<status status="PASS" starttime="20220926 15:06:27.677" endtime="20220926 15:06:28.317"/>
</kw>
<kw name="Press Keys" library="SeleniumLibrary">
<arg>${tags}</arg>
<arg>ENTER</arg>
<doc>Simulates the user pressing key(s) to an element or on the active browser.</doc>
<msg timestamp="20220926 15:06:28.320" level="INFO">Sending key(s) ('ENTER',) to id=add_dining_tags element.</msg>
<msg timestamp="20220926 15:06:28.739" level="INFO">Pressing special key ENTER to element.</msg>
<msg timestamp="20220926 15:06:28.739" level="INFO">Releasing special key ENTER.</msg>
<status status="PASS" starttime="20220926 15:06:28.318" endtime="20220926 15:06:28.821"/>
</kw>
<kw name="Input Text" library="SeleniumLibrary">
<arg>${tags}</arg>
<arg>Super Dinner</arg>
<doc>Types the given ``text`` into the text field identified by ``locator``.</doc>
<msg timestamp="20220926 15:06:28.822" level="INFO">Typing text 'Super Dinner' into text field 'id=add_dining_tags'.</msg>
<status status="PASS" starttime="20220926 15:06:28.822" endtime="20220926 15:06:29.467"/>
</kw>
<kw name="Press Keys" library="SeleniumLibrary">
<arg>${tags}</arg>
<arg>ENTER</arg>
<doc>Simulates the user pressing key(s) to an element or on the active browser.</doc>
<msg timestamp="20220926 15:06:29.468" level="INFO">Sending key(s) ('ENTER',) to id=add_dining_tags element.</msg>
<msg timestamp="20220926 15:06:29.759" level="INFO">Pressing special key ENTER to element.</msg>
<msg timestamp="20220926 15:06:29.759" level="INFO">Releasing special key ENTER.</msg>
<status status="PASS" starttime="20220926 15:06:29.468" endtime="20220926 15:06:29.823"/>
</kw>
<kw name="Click Element" library="SeleniumLibrary">
<arg>${Lunch}</arg>
<doc>Click the element identified by ``locator``.</doc>
<msg timestamp="20220926 15:06:29.825" level="INFO">Clicking element 'id=icon_6155b016d8ca9945efb2e723'.</msg>
<status status="PASS" starttime="20220926 15:06:29.824" endtime="20220926 15:06:30.146"/>
</kw>
<kw name="Select Checkbox" library="SeleniumLibrary">
<arg>${Hide_Print}</arg>
<doc>Selects the checkbox identified by ``locator``.</doc>
<msg timestamp="20220926 15:06:30.147" level="INFO">Selecting checkbox 'id=dining_hideOnPrinting_switch'.</msg>
<status status="PASS" starttime="20220926 15:06:30.147" endtime="20220926 15:06:30.414"/>
</kw>
<kw name="Unselect Checkbox" library="SeleniumLibrary">
<arg>${Hide_Print}</arg>
<doc>Removes the selection of checkbox identified by ``locator``.</doc>
<msg timestamp="20220926 15:06:30.415" level="INFO">Unselecting checkbox 'id=dining_hideOnPrinting_switch'.</msg>
<status status="PASS" starttime="20220926 15:06:30.415" endtime="20220926 15:06:30.693"/>
</kw>
<kw name="Click Element" library="SeleniumLibrary">
<arg>${Start-Date}</arg>
<doc>Click the element identified by ``locator``.</doc>
<msg timestamp="20220926 15:06:30.694" level="INFO">Clicking element 'id=add_dining_start_date'.</msg>
<status status="PASS" starttime="20220926 15:06:30.694" endtime="20220926 15:06:30.927"/>
</kw>
<kw name="Press Keys" library="SeleniumLibrary">
<arg>${Calendar_Btn}</arg>
<arg>Enter</arg>
<doc>Simulates the user pressing key(s) to an element or on the active browser.</doc>
<msg timestamp="20220926 15:06:30.929" level="INFO">Sending key(s) ('Enter',) to id=Calendar_Btn_StartDate_add_dining_start_date element.</msg>
<msg timestamp="20220926 15:06:31.377" level="INFO">Sending keys Enter</msg>
<status status="PASS" starttime="20220926 15:06:30.928" endtime="20220926 15:06:31.396"/>
</kw>
<kw name="Click Element" library="SeleniumLibrary">
<arg>${advance_month}</arg>
<doc>Click the element identified by ``locator``.</doc>
<msg timestamp="20220926 15:06:31.402" level="INFO">Clicking element 'id=calendarHeader_rightArrow'.</msg>
<status status="PASS" starttime="20220926 15:06:31.398" endtime="20220926 15:06:31.999"/>
</kw>
<kw name="Execute Javascript" library="SeleniumLibrary">
<arg>${oct28}</arg>
<doc>Executes the given JavaScript code with possible arguments.</doc>
<msg timestamp="20220926 15:06:32.003" level="INFO">Executing JavaScript:
document.getElementsByClassName('MuiButtonBase-root MuiIconButton-root MuiPickersDay-day')[33].click()
Without any arguments.</msg>
<status status="PASS" starttime="20220926 15:06:32.001" endtime="20220926 15:06:32.407"/>
</kw>
<kw name="Scroll Element Into View" library="SeleniumLibrary">
<arg>${tags}</arg>
<doc>Scrolls the element identified by ``locator`` into view.</doc>
<status status="PASS" starttime="20220926 15:06:32.408" endtime="20220926 15:06:32.731"/>
</kw>
<kw name="Mouse Down" library="SeleniumLibrary">
<arg>${tags}</arg>
<doc>Simulates pressing the left mouse button on the element ``locator``.</doc>
<msg timestamp="20220926 15:06:32.733" level="INFO">Simulating Mouse Down on element 'id=add_dining_tags'.</msg>
<status status="PASS" starttime="20220926 15:06:32.731" endtime="20220926 15:06:33.073"/>
</kw>
<kw name="Click Element" library="SeleniumLibrary">
<arg>${tags}</arg>
<doc>Click the element identified by ``locator``.</doc>
<msg timestamp="20220926 15:06:33.075" level="INFO">Clicking element 'id=add_dining_tags'.</msg>
<status status="PASS" starttime="20220926 15:06:33.074" endtime="20220926 15:06:33.336"/>
</kw>
<kw name="Scroll Element Into View" library="SeleniumLibrary">
<arg>${Tab_Repeats}</arg>
<doc>Scrolls the element identified by ``locator`` into view.</doc>
<status status="PASS" starttime="20220926 15:06:33.336" endtime="20220926 15:06:33.617"/>
</kw>
<kw name="Click Element" library="SeleniumLibrary">
<arg>${Tab_Repeats}</arg>
<doc>Click the element identified by ``locator``.</doc>
<msg timestamp="20220926 15:06:33.618" level="INFO">Clicking element 'id=RepeatValue'.</msg>
<status status="PASS" starttime="20220926 15:06:33.618" endtime="20220926 15:06:33.959"/>
</kw>
<kw name="Click Element" library="SeleniumLibrary">
<arg>${Recurre_Monthly}</arg>
<doc>Click the element identified by ``locator``.</doc>
<msg timestamp="20220926 15:06:33.961" level="INFO">Clicking element 'id=RepeatValue-option-3'.</msg>
<status status="PASS" starttime="20220926 15:06:33.960" endtime="20220926 15:06:34.494"/>
</kw>
<kw name="Double Click Element" library="SeleniumLibrary">
<arg>${modify_day}</arg>
<doc>Double clicks the element identified by ``locator``.</doc>
<msg timestamp="20220926 15:06:34.495" level="INFO">Double clicking element 'id=RepeatInterval'.</msg>
<status status="PASS" starttime="20220926 15:06:34.495" endtime="20220926 15:06:34.889"/>
</kw>
<kw name="Choose File" library="SeleniumLibrary">
<arg>${modify_day}</arg>
<arg>3</arg>
<doc>Inputs the ``file_path`` into the file input field ``locator``.</doc>
<msg timestamp="20220926 15:06:34.891" level="INFO">Sending C:\Users\Alejandro\Desktop\CMS_Recurrence_Monthly\3 to browser.</msg>
<status status="PASS" starttime="20220926 15:06:34.890" endtime="20220926 15:06:35.119"/>
</kw>
<kw name="Click Element" library="SeleniumLibrary">
<arg>${Simbol_on_day}</arg>
<doc>Click the element identified by ``locator``.</doc>
<msg timestamp="20220926 15:06:35.122" level="INFO">Clicking element 'name=radio-btn_onD'.</msg>
<status status="PASS" starttime="20220926 15:06:35.120" endtime="20220926 15:06:35.491"/>
</kw>
<kw name="Double Click Element" library="SeleniumLibrary">
<arg>${Modify_on_day}</arg>
<doc>Double clicks the element identified by ``locator``.</doc>
<msg timestamp="20220926 15:06:35.493" level="INFO">Double clicking element 'name=monthlyDayNumber'.</msg>
<status status="PASS" starttime="20220926 15:06:35.492" endtime="20220926 15:06:35.902"/>
</kw>
<kw name="Press Keys" library="SeleniumLibrary">
<arg>${Modify_on_day}</arg>
<arg>CTRL+A+DELETE</arg>
<doc>Simulates the user pressing key(s) to an element or on the active browser.</doc>
<msg timestamp="20220926 15:06:35.903" level="INFO">Sending key(s) ('CTRL+A+DELETE',) to name=monthlyDayNumber element.</msg>
<msg timestamp="20220926 15:06:36.211" level="INFO">Pressing special key CONTROL down.</msg>
<msg timestamp="20220926 15:06:36.211" level="INFO">Sending key A</msg>
<msg timestamp="20220926 15:06:36.211" level="INFO">Pressing special key DELETE down.</msg>
<msg timestamp="20220926 15:06:36.211" level="INFO">Releasing special key CONTROL.</msg>
<msg timestamp="20220926 15:06:36.211" level="INFO">Releasing special key DELETE.</msg>
<status status="PASS" starttime="20220926 15:06:35.903" endtime="20220926 15:06:36.282"/>
</kw>
<kw name="Choose File" library="SeleniumLibrary">
<arg>${Modify_on_day}</arg>
<arg>15</arg>
<doc>Inputs the ``file_path`` into the file input field ``locator``.</doc>
<msg timestamp="20220926 15:06:36.283" level="INFO">Sending C:\Users\Alejandro\Desktop\CMS_Recurrence_Monthly\15 to browser.</msg>
<status status="PASS" starttime="20220926 15:06:36.282" endtime="20220926 15:06:36.433"/>
</kw>
<kw name="Double Click Element" library="SeleniumLibrary">
<arg>${modify_Occurrences}</arg>
<doc>Double clicks the element identified by ``locator``.</doc>
<msg timestamp="20220926 15:06:36.434" level="INFO">Double clicking element 'id=OccurrencesField'.</msg>
<status status="PASS" starttime="20220926 15:06:36.434" endtime="20220926 15:06:36.804"/>
</kw>
<kw name="Choose File" library="SeleniumLibrary">
<arg>${modify_Occurrences}</arg>
<arg>4</arg>
<doc>Inputs the ``file_path`` into the file input field ``locator``.</doc>
<msg timestamp="20220926 15:06:36.808" level="INFO">Sending C:\Users\Alejandro\Desktop\CMS_Recurrence_Monthly\4 to browser.</msg>
<status status="PASS" starttime="20220926 15:06:36.805" endtime="20220926 15:06:37.056"/>
</kw>
<kw name="Wait Until Element Is Visible" library="SeleniumLibrary">
<arg>${Month_Recu_Window}</arg>
<doc>Waits until the element ``locator`` is visible.</doc>
<status status="PASS" starttime="20220926 15:06:37.056" endtime="20220926 15:06:37.077"/>
</kw>
<kw name="Element Should Contain" library="SeleniumLibrary">
<arg>${Month_Recu_Window}</arg>
<arg>Occurs day 15 of every 3 months starting</arg>
<doc>Verifies that element ``locator`` contains text ``expected``.</doc>
<msg timestamp="20220926 15:06:37.105" level="INFO">Element 'id=recurrence-modal-label' contains text 'Occurs day 15 of every 3 months starting'.</msg>
<status status="PASS" starttime="20220926 15:06:37.078" endtime="20220926 15:06:37.105"/>
</kw>
<kw name="Click Element" library="SeleniumLibrary">
<arg>${SaveRecurrence}</arg>
<doc>Click the element identified by ``locator``.</doc>
<msg timestamp="20220926 15:06:37.105" level="INFO">Clicking element 'id=saveRecurrenceObj'.</msg>
<status status="PASS" starttime="20220926 15:06:37.105" endtime="20220926 15:06:37.557"/>
</kw>
<kw name="Wait Until Element Is Visible" library="SeleniumLibrary">
<arg>${Month_Recu_Window1}</arg>
<doc>Waits until the element ``locator`` is visible.</doc>
<status status="PASS" starttime="20220926 15:06:37.557" endtime="20220926 15:06:37.572"/>
</kw>
<kw name="Element Should Contain" library="SeleniumLibrary">
<arg>${Month_Recu_Window1}</arg>
<arg>Occurs day 15 of every 3 months starting</arg>
<doc>Verifies that element ``locator`` contains text ``expected``.</doc>
<msg timestamp="20220926 15:06:37.582" level="INFO">Element '//div[contains(text(),'Occurs day 15 of every 3 months starting October')]' contains text 'Occurs day 15 of every 3 months starting'.</msg>
<status status="PASS" starttime="20220926 15:06:37.573" endtime="20220926 15:06:37.582"/>
</kw>
<kw name="Scroll Element Into View" library="SeleniumLibrary">
<arg>${Save_btn}</arg>
<doc>Scrolls the element identified by ``locator`` into view.</doc>
<status status="PASS" starttime="20220926 15:06:37.583" endtime="20220926 15:06:37.840"/>
</kw>
<kw name="Element Text Should Be" library="SeleniumLibrary">
<arg>${Save_btn}</arg>
<arg>Save</arg>
<doc>Verifies that element ``locator`` contains exact the text ``expected``.</doc>
<msg timestamp="20220926 15:06:37.841" level="INFO">Verifying element 'id=add_dining_save_btn' contains exact text 'Save'.</msg>
<status status="PASS" starttime="20220926 15:06:37.841" endtime="20220926 15:06:37.848"/>
</kw>
<kw name="Click Element" library="SeleniumLibrary">
<arg>${Save_btn}</arg>
<doc>Click the element identified by ``locator``.</doc>
<msg timestamp="20220926 15:06:37.848" level="INFO">Clicking element 'id=add_dining_save_btn'.</msg>
<status status="PASS" starttime="20220926 15:06:37.848" endtime="20220926 15:06:38.569"/>
</kw>
<kw name="Click Element" library="SeleniumLibrary">
<arg>${Save_btn}</arg>
<doc>Click the element identified by ``locator``.</doc>
<msg timestamp="20220926 15:06:38.570" level="INFO">Clicking element 'id=add_dining_save_btn'.</msg>
<status status="PASS" starttime="20220926 15:06:38.570" endtime="20220926 15:06:38.913"/>
</kw>
<kw name="Wait Until Element Is Visible" library="SeleniumLibrary">
<arg>${Message_Accept}</arg>
<doc>Waits until the element ``locator`` is visible.</doc>
<status status="PASS" starttime="20220926 15:06:38.914" endtime="20220926 15:06:40.916"/>
</kw>
<kw name="Element Should Be Visible" library="SeleniumLibrary">
<arg>${Message_Accept}</arg>
<arg>This meal has been added succesfully</arg>
<doc>Verifies that the element identified by ``locator`` is visible.</doc>
<msg timestamp="20220926 15:06:40.947" level="INFO">Element 'id=alert_AddDining_Success' is displayed.</msg>
<status status="PASS" starttime="20220926 15:06:40.919" endtime="20220926 15:06:40.947"/>
</kw>
<kw name="Reload Page" library="SeleniumLibrary">
<doc>Simulates user reloading page.</doc>
<status status="PASS" starttime="20220926 15:06:40.948" endtime="20220926 15:06:43.363"/>
</kw>
<kw name="Scroll Element Into View" library="SeleniumLibrary">
<arg>${Chicken Breast}</arg>
<doc>Scrolls the element identified by ``locator`` into view.</doc>
<status status="PASS" starttime="20220926 15:06:43.363" endtime="20220926 15:06:47.666"/>
</kw>
<kw name="Click Element" library="SeleniumLibrary">
<arg>${Chicken Breast}</arg>
<doc>Click the element identified by ``locator``.</doc>
<msg timestamp="20220926 15:06:47.667" level="INFO">Clicking element '//div[contains(text(),'Chicken Breast')]'.</msg>
<status status="PASS" starttime="20220926 15:06:47.666" endtime="20220926 15:06:48.132"/>
</kw>
<kw name="Scroll Element Into View" library="SeleniumLibrary">
<arg>${Waterford Community Meals}</arg>
<doc>Scrolls the element identified by ``locator`` into view.</doc>
<status status="PASS" starttime="20220926 15:06:48.132" endtime="20220926 15:06:48.539"/>
</kw>
<kw name="Click Element" library="SeleniumLibrary">
<arg>${Waterford Community Meals}</arg>
<doc>Click the element identified by ``locator``.</doc>
<msg timestamp="20220926 15:06:48.540" level="INFO">Clicking element 'id=add_dining_return_btn'.</msg>
<status status="PASS" starttime="20220926 15:06:48.540" endtime="20220926 15:06:49.133"/>
</kw>
<kw name="Wait Until Element Is Visible" library="SeleniumLibrary">
<arg>${Text_Image}</arg>
<doc>Waits until the element ``locator`` is visible.</doc>
<status status="PASS" starttime="20220926 15:06:49.135" endtime="20220926 15:06:49.216"/>
</kw>
<kw name="Mouse Over" library="SeleniumLibrary">
<arg>${Text_Image}</arg>
<doc>Simulates hovering the mouse over the element ``locator``.</doc>
<msg timestamp="20220926 15:06:49.217" level="INFO">Simulating Mouse Over on element 'id=id_dining_header_list_image'.</msg>
<status status="PASS" starttime="20220926 15:06:49.217" endtime="20220926 15:06:49.621"/>
</kw>
<kw name="Scroll Element Into View" library="SeleniumLibrary">
<arg>${Button_SelectAll}</arg>
<doc>Scrolls the element identified by ``locator`` into view.</doc>
<status status="PASS" starttime="20220926 15:06:49.621" endtime="20220926 15:06:49.910"/>
</kw>
<kw name="Click Element" library="SeleniumLibrary">
<arg>${Button_SelectAll}</arg>
<doc>Click the element identified by ``locator``.</doc>
<msg timestamp="20220926 15:06:49.911" level="INFO">Clicking element 'id=addEditDevice_Headers_SelectAll'.</msg>
<status status="PASS" starttime="20220926 15:06:49.910" endtime="20220926 15:06:50.259"/>
</kw>
<kw name="Sleep" library="BuiltIn">
<arg>2</arg>
<doc>Pauses the test executed for the given time.</doc>
<msg timestamp="20220926 15:06:52.267" level="INFO">Slept 2 seconds</msg>
<status status="PASS" starttime="20220926 15:06:50.259" endtime="20220926 15:06:52.267"/>
</kw>
<kw name="Execute Javascript" library="SeleniumLibrary">
<arg>${Icon Item Menu}</arg>
<doc>Executes the given JavaScript code with possible arguments.</doc>
<msg timestamp="20220926 15:06:52.268" level="INFO">Executing JavaScript:
document.getElementsByClassName('MuiButtonBase-root MuiIconButton-root')[4].click()
Without any arguments.</msg>
<status status="PASS" starttime="20220926 15:06:52.268" endtime="20220926 15:06:52.351"/>
</kw>
<kw name="Sleep" library="BuiltIn">
<arg>2</arg>
<doc>Pauses the test executed for the given time.</doc>
<msg timestamp="20220926 15:06:54.365" level="INFO">Slept 2 seconds</msg>
<status status="PASS" starttime="20220926 15:06:52.351" endtime="20220926 15:06:54.365"/>
</kw>
<kw name="Execute Javascript" library="SeleniumLibrary">
<arg>${icon Meal}</arg>
<doc>Executes the given JavaScript code with possible arguments.</doc>
<msg timestamp="20220926 15:06:54.367" level="INFO">Executing JavaScript:
document.getElementsByClassName('MuiButtonBase-root MuiIconButton-root')[5].click()
Without any arguments.</msg>
<status status="PASS" starttime="20220926 15:06:54.366" endtime="20220926 15:06:54.499"/>
</kw>
<kw name="Sleep" library="BuiltIn">
<arg>2</arg>
<doc>Pauses the test executed for the given time.</doc>
<msg timestamp="20220926 15:06:56.506" level="INFO">Slept 2 seconds</msg>
<status status="PASS" starttime="20220926 15:06:54.500" endtime="20220926 15:06:56.506"/>
</kw>
<kw name="Execute Javascript" library="SeleniumLibrary">
<arg>${Date Served}</arg>
<doc>Executes the given JavaScript code with possible arguments.</doc>
<msg timestamp="20220926 15:06:56.508" level="INFO">Executing JavaScript:
document.getElementsByClassName('MuiButtonBase-root MuiIconButton-root')[6].click()
Without any arguments.</msg>
<status status="PASS" starttime="20220926 15:06:56.507" endtime="20220926 15:06:56.605"/>
</kw>
<kw name="Scroll Element Into View" library="SeleniumLibrary">
<arg>${Log_Print}</arg>
<doc>Scrolls the element identified by ``locator`` into view.</doc>
<status status="PASS" starttime="20220926 15:06:56.606" endtime="20220926 15:06:56.904"/>
</kw>
<kw name="Click Element" library="SeleniumLibrary">
<arg>${Log_Print}</arg>
<doc>Click the element identified by ``locator``.</doc>
<msg timestamp="20220926 15:06:56.905" level="INFO">Clicking element 'id=dining_print_icon'.</msg>
<status status="PASS" starttime="20220926 15:06:56.904" endtime="20220926 15:06:57.556"/>
</kw>
<kw name="Double Click Element" library="SeleniumLibrary">
<arg>${right_arrow}</arg>
<doc>Double clicks the element identified by ``locator``.</doc>
<msg timestamp="20220926 15:06:57.556" level="INFO">Double clicking element 'id=scheduler_right_arrow'.</msg>
<status status="PASS" starttime="20220926 15:06:57.556" endtime="20220926 15:06:58.161"/>
</kw>
<kw name="Double Click Element" library="SeleniumLibrary">
<arg>${right_arrow}</arg>
<doc>Double clicks the element identified by ``locator``.</doc>
<msg timestamp="20220926 15:06:58.161" level="INFO">Double clicking element 'id=scheduler_right_arrow'.</msg>
<status status="PASS" starttime="20220926 15:06:58.161" endtime="20220926 15:06:58.643"/>
</kw>
<kw name="Double Click Element" library="SeleniumLibrary">
<arg>${right_arrow}</arg>
<doc>Double clicks the element identified by ``locator``.</doc>
<msg timestamp="20220926 15:06:58.644" level="INFO">Double clicking element 'id=scheduler_right_arrow'.</msg>
<status status="PASS" starttime="20220926 15:06:58.643" endtime="20220926 15:06:59.173"/>
</kw>
<kw name="Double Click Element" library="SeleniumLibrary">
<arg>${right_arrow}</arg>
<doc>Double clicks the element identified by ``locator``.</doc>
<msg timestamp="20220926 15:06:59.177" level="INFO">Double clicking element 'id=scheduler_right_arrow'.</msg>
<status status="PASS" starttime="20220926 15:06:59.176" endtime="20220926 15:06:59.656"/>
</kw>
<kw name="Double Click Element" library="SeleniumLibrary">
<arg>${left_arrow}</arg>
<doc>Double clicks the element identified by ``locator``.</doc>
<msg timestamp="20220926 15:06:59.658" level="INFO">Double clicking element 'id=scheduler_left_arrow'.</msg>
<status status="PASS" starttime="20220926 15:06:59.657" endtime="20220926 15:07:00.144"/>
</kw>
<kw name="Double Click Element" library="SeleniumLibrary">
<arg>${left_arrow}</arg>
<doc>Double clicks the element identified by ``locator``.</doc>
<msg timestamp="20220926 15:07:00.147" level="INFO">Double clicking element 'id=scheduler_left_arrow'.</msg>
<status status="PASS" starttime="20220926 15:07:00.147" endtime="20220926 15:07:00.564"/>
</kw>
<kw name="Double Click Element" library="SeleniumLibrary">
<arg>${left_arrow}</arg>
<doc>Double clicks the element identified by ``locator``.</doc>
<msg timestamp="20220926 15:07:00.565" level="INFO">Double clicking element 'id=scheduler_left_arrow'.</msg>
<status status="PASS" starttime="20220926 15:07:00.564" endtime="20220926 15:07:00.976"/>
</kw>
<kw name="Double Click Element" library="SeleniumLibrary">
<arg>${left_arrow}</arg>
<doc>Double clicks the element identified by ``locator``.</doc>
<msg timestamp="20220926 15:07:00.976" level="INFO">Double clicking element 'id=scheduler_left_arrow'.</msg>
<status status="PASS" starttime="20220926 15:07:00.976" endtime="20220926 15:07:01.385"/>
</kw>
<kw name="Click Element" library="SeleniumLibrary">
<arg>${icon_Close_Print}</arg>
<doc>Click the element identified by ``locator``.</doc>
<msg timestamp="20220926 15:07:01.387" level="INFO">Clicking element 'id=Print-modal-close-button'.</msg>
<status status="PASS" starttime="20220926 15:07:01.386" endtime="20220926 15:07:01.663"/>
</kw>
<kw name="Wait Until Element Is Visible" library="SeleniumLibrary">
<arg>${Delete_Menu_Items}</arg>
<doc>Waits until the element ``locator`` is visible.</doc>
<status status="PASS" starttime="20220926 15:07:01.664" endtime="20220926 15:07:01.684"/>
</kw>
<kw name="Set Focus To Element" library="SeleniumLibrary">
<arg>${Delete_Menu_Items}</arg>
<doc>Sets the focus to the element identified by ``locator``.</doc>
<status status="PASS" starttime="20220926 15:07:01.685" endtime="20220926 15:07:01.693"/>
</kw>
<kw name="Click Element" library="SeleniumLibrary">
<arg>${Delete_Menu_Items}</arg>
<doc>Click the element identified by ``locator``.</doc>
<msg timestamp="20220926 15:07:01.693" level="INFO">Clicking element 'id=delete_multiple_dinings'.</msg>
<status status="PASS" starttime="20220926 15:07:01.693" endtime="20220926 15:07:02.017"/>
</kw>
<kw name="Click Element" library="SeleniumLibrary">
<arg>${delete_Yes}</arg>
<doc>Click the element identified by ``locator``.</doc>
<msg timestamp="20220926 15:07:02.018" level="INFO">Clicking element '//div[contains(text(),'Yes, Delete')]'.</msg>
<status status="PASS" starttime="20220926 15:07:02.018" endtime="20220926 15:07:02.345"/>
</kw>
<tag>Case 2</tag>
<tag>Validation Test</tag>
<status status="PASS" starttime="20220926 15:06:17.727" endtime="20220926 15:07:02.346"/>
</test>
<doc>CMS-Engage360 Community Waterford</doc>
<status status="PASS" starttime="20220926 15:06:06.615" endtime="20220926 15:07:02.347"/>
</suite>
<statistics>
<total>
<stat pass="1" fail="0" skip="0">All Tests</stat>
</total>
<tag>
<stat pass="1" fail="0" skip="0">Case 2</stat>
<stat pass="1" fail="0" skip="0">Validation Test</stat>
</tag>
<suite>
<stat pass="1" fail="0" skip="0" id="s1" name="Recurre Month Lunch">Recurre Month Lunch</stat>
</suite>
</statistics>
<errors>
</errors>
</robot>
