<?xml version="1.0" encoding="UTF-8"?>
<robot generator="Robot 4.1.3 (Python 3.10.1 on win32)" generated="20220907 13:25:00.797" rpa="false" schemaversion="2">
<suite id="s1" name="Recurre Month Dinner" source="C:\Users\Alejandro\Desktop\CMS_Recurrence_Monthly\Recurre_Month_Dinner.robot">
<kw name="web setup" library="Keywords" type="SETUP">
<kw name="Open Browser" library="SeleniumLibrary">
<arg>${website}</arg>
<arg>${browser}</arg>
<doc>Opens a new browser instance to the optional ``url``.</doc>
<msg timestamp="20220907 13:25:01.019" level="INFO">Opening browser 'firefox' to base url 'http://dev.www.engage360.evacompute.com:8080/'.</msg>
<msg timestamp="20220907 13:25:01.020" level="INFO">Firefox driver log is always forced to to: C:\Users\Alejandro\Desktop\CMS_Recurrence_Monthly\geckodriver-3.log</msg>
<status status="PASS" starttime="20220907 13:25:01.019" endtime="20220907 13:25:13.159"/>
</kw>
<kw name="Maximize Browser Window" library="SeleniumLibrary">
<doc>Maximizes current browser window.</doc>
<status status="PASS" starttime="20220907 13:25:13.159" endtime="20220907 13:25:13.518"/>
</kw>
<kw name="Set Selenium Implicit Wait" library="SeleniumLibrary">
<arg>15 s</arg>
<doc>Sets the implicit wait value used by Selenium.</doc>
<status status="PASS" starttime="20220907 13:25:13.519" endtime="20220907 13:25:13.531"/>
</kw>
<kw name="Wait Until Element Is Visible" library="SeleniumLibrary">
<arg>css=#kc-header</arg>
<doc>Waits until the element ``locator`` is visible.</doc>
<status status="PASS" starttime="20220907 13:25:13.532" endtime="20220907 13:25:14.063"/>
</kw>
<kw name="Title Should Be" library="SeleniumLibrary">
<arg>Log in to ENGAGE360</arg>
<doc>Verifies that the current page title equals ``title``.</doc>
<msg timestamp="20220907 13:25:14.069" level="INFO">Page title is 'Log in to ENGAGE360'.</msg>
<status status="PASS" starttime="20220907 13:25:14.063" endtime="20220907 13:25:14.069"/>
</kw>
<kw name="Wait Until Element Is Visible" library="SeleniumLibrary">
<arg>id=username</arg>
<doc>Waits until the element ``locator`` is visible.</doc>
<status status="PASS" starttime="20220907 13:25:14.069" endtime="20220907 13:25:14.104"/>
</kw>
<kw name="Click Element" library="SeleniumLibrary">
<arg>id=username</arg>
<doc>Click the element identified by ``locator``.</doc>
<msg timestamp="20220907 13:25:14.105" level="INFO">Clicking element 'id=username'.</msg>
<status status="PASS" starttime="20220907 13:25:14.105" endtime="20220907 13:25:14.409"/>
</kw>
<kw name="Input Text" library="SeleniumLibrary">
<arg>id=username</arg>
<arg>${Email}</arg>
<doc>Types the given ``text`` into the text field identified by ``locator``.</doc>
<msg timestamp="20220907 13:25:14.410" level="INFO">Typing text 'superUser' into text field 'id=username'.</msg>
<status status="PASS" starttime="20220907 13:25:14.409" endtime="20220907 13:25:14.430"/>
</kw>
<kw name="Click Element" library="SeleniumLibrary">
<arg>id=password</arg>
<doc>Click the element identified by ``locator``.</doc>
<msg timestamp="20220907 13:25:14.430" level="INFO">Clicking element 'id=password'.</msg>
<status status="PASS" starttime="20220907 13:25:14.430" endtime="20220907 13:25:14.675"/>
</kw>
<kw name="Input Text" library="SeleniumLibrary">
<arg>id=password</arg>
<arg>${Password}</arg>
<doc>Types the given ``text`` into the text field identified by ``locator``.</doc>
<msg timestamp="20220907 13:25:14.676" level="INFO">Typing text 'SuperAdmin1@' into text field 'id=password'.</msg>
<status status="PASS" starttime="20220907 13:25:14.675" endtime="20220907 13:25:14.702"/>
</kw>
<kw name="Click Button" library="SeleniumLibrary">
<arg>name=login</arg>
<doc>Clicks the button identified by ``locator``.</doc>
<msg timestamp="20220907 13:25:14.703" level="INFO">Clicking button 'name=login'.</msg>
<status status="PASS" starttime="20220907 13:25:14.702" endtime="20220907 13:25:16.632"/>
</kw>
<status status="PASS" starttime="20220907 13:25:01.018" endtime="20220907 13:25:16.633"/>
</kw>
<test id="s1-t1" name="PR01 Automation to enter Community Waterford Recurrence Monthly (Dinner)">
<kw name="Scroll Element Into View" library="SeleniumLibrary">
<arg>${Community}</arg>
<doc>Scrolls the element identified by ``locator`` into view.</doc>
<status status="PASS" starttime="20220907 13:25:16.634" endtime="20220907 13:25:19.667"/>
</kw>
<kw name="Wait Until Element Is Visible" library="SeleniumLibrary">
<arg>id=SuperUserCombo_open_btn</arg>
<doc>Waits until the element ``locator`` is visible.</doc>
<status status="PASS" starttime="20220907 13:25:19.668" endtime="20220907 13:25:19.695"/>
</kw>
<kw name="Set Focus To Element" library="SeleniumLibrary">
<arg>id=SuperUserCombo_open_btn</arg>
<doc>Sets the focus to the element identified by ``locator``.</doc>
<status status="PASS" starttime="20220907 13:25:19.696" endtime="20220907 13:25:19.706"/>
</kw>
<kw name="Click Element" library="SeleniumLibrary">
<arg>id=SuperUserCombo_open_btn</arg>
<doc>Click the element identified by ``locator``.</doc>
<msg timestamp="20220907 13:25:19.706" level="INFO">Clicking element 'id=SuperUserCombo_open_btn'.</msg>
<status status="PASS" starttime="20220907 13:25:19.706" endtime="20220907 13:25:19.982"/>
</kw>
<kw name="Click Element" library="SeleniumLibrary">
<arg>${Waterford}</arg>
<doc>Click the element identified by ``locator``.</doc>
<msg timestamp="20220907 13:25:19.983" level="INFO">Clicking element 'SuperUserCombo-option-29'.</msg>
<status status="PASS" starttime="20220907 13:25:19.983" endtime="20220907 13:25:20.250"/>
</kw>
<kw name="Scroll Element Into View" library="SeleniumLibrary">
<arg>${Total_Opened}</arg>
<doc>Scrolls the element identified by ``locator`` into view.</doc>
<status status="PASS" starttime="20220907 13:25:20.251" endtime="20220907 13:25:20.517"/>
</kw>
<kw name="Element Should Be Visible" library="SeleniumLibrary">
<arg>${Total_Opened}</arg>
<arg>Total Opened</arg>
<doc>Verifies that the element identified by ``locator`` is visible.</doc>
<msg timestamp="20220907 13:25:20.621" level="INFO">Element 'id=repairPage_Image' is displayed.</msg>
<status status="PASS" starttime="20220907 13:25:20.518" endtime="20220907 13:25:20.622"/>
</kw>
<kw name="Mouse Over" library="SeleniumLibrary">
<arg>${Total_Opened}</arg>
<doc>Simulates hovering the mouse over the element ``locator``.</doc>
<msg timestamp="20220907 13:25:20.623" level="INFO">Simulating Mouse Over on element 'id=repairPage_Image'.</msg>
<status status="PASS" starttime="20220907 13:25:20.622" endtime="20220907 13:25:20.932"/>
</kw>
<kw name="Wait Until Element Is Visible" library="SeleniumLibrary">
<arg>${Dinning}</arg>
<doc>Waits until the element ``locator`` is visible.</doc>
<status status="PASS" starttime="20220907 13:25:20.933" endtime="20220907 13:25:21.073"/>
</kw>
<kw name="Mouse Over" library="SeleniumLibrary">
<arg>${Dinning}</arg>
<doc>Simulates hovering the mouse over the element ``locator``.</doc>
<msg timestamp="20220907 13:25:21.074" level="INFO">Simulating Mouse Over on element 'id=SideNav_Menu_Repairs'.</msg>
<status status="PASS" starttime="20220907 13:25:21.074" endtime="20220907 13:25:21.348"/>
</kw>
<kw name="Double Click Element" library="SeleniumLibrary">
<arg>${Dinning}</arg>
<doc>Double clicks the element identified by ``locator``.</doc>
<msg timestamp="20220907 13:25:21.348" level="INFO">Double clicking element 'id=SideNav_Menu_Repairs'.</msg>
<status status="PASS" starttime="20220907 13:25:21.348" endtime="20220907 13:25:22.292"/>
</kw>
<kw name="Scroll Element Into View" library="SeleniumLibrary">
<arg>${Community}</arg>
<doc>Scrolls the element identified by ``locator`` into view.</doc>
<status status="PASS" starttime="20220907 13:25:22.292" endtime="20220907 13:25:23.197"/>
</kw>
<kw name="Double Click Element" library="SeleniumLibrary">
<arg>${Community}</arg>
<doc>Double clicks the element identified by ``locator``.</doc>
<msg timestamp="20220907 13:25:23.200" level="INFO">Double clicking element 'SuperUserCombo'.</msg>
<status status="PASS" starttime="20220907 13:25:23.198" endtime="20220907 13:25:23.829"/>
</kw>
<kw name="Scroll Element Into View" library="SeleniumLibrary">
<arg>${Add Menu Item}</arg>
<doc>Scrolls the element identified by ``locator`` into view.</doc>
<status status="PASS" starttime="20220907 13:25:23.842" endtime="20220907 13:25:24.142"/>
</kw>
<kw name="Element Text Should Be" library="SeleniumLibrary">
<arg>${Add Menu Item}</arg>
<arg>Add Menu Item</arg>
<doc>Verifies that element ``locator`` contains exact the text ``expected``.</doc>
<msg timestamp="20220907 13:25:24.143" level="INFO">Verifying element 'id=dining_new_dining_btn' contains exact text 'Add Menu Item'.</msg>
<status status="PASS" starttime="20220907 13:25:24.143" endtime="20220907 13:25:24.155"/>
</kw>
<kw name="Double Click Element" library="SeleniumLibrary">
<arg>${Add Menu Item}</arg>
<doc>Double clicks the element identified by ``locator``.</doc>
<msg timestamp="20220907 13:25:24.156" level="INFO">Double clicking element 'id=dining_new_dining_btn'.</msg>
<status status="PASS" starttime="20220907 13:25:24.156" endtime="20220907 13:25:24.771"/>
</kw>
<kw name="Input Text" library="SeleniumLibrary">
<arg>${dining_title}</arg>
<arg>Rib-eye Steak and Salad</arg>
<doc>Types the given ``text`` into the text field identified by ``locator``.</doc>
<msg timestamp="20220907 13:25:24.772" level="INFO">Typing text 'Rib-eye Steak and Salad' into text field 'id=add_dining_title'.</msg>
<status status="PASS" starttime="20220907 13:25:24.772" endtime="20220907 13:25:26.278"/>
</kw>
<kw name="Input Text" library="SeleniumLibrary">
<arg>${dining_description}</arg>
<arg>Rib-eye steak and creamy béarnaise sauce and vegetables</arg>
<doc>Types the given ``text`` into the text field identified by ``locator``.</doc>
<msg timestamp="20220907 13:25:26.280" level="INFO">Typing text 'Rib-eye steak and creamy béarnaise sauce and vegetables' into text field 'id=add_dining_description'.</msg>
<status status="PASS" starttime="20220907 13:25:26.279" endtime="20220907 13:25:30.424"/>
</kw>
<kw name="Input Text" library="SeleniumLibrary">
<arg>${image}</arg>
<arg>Rib-eye</arg>
<doc>Types the given ``text`` into the text field identified by ``locator``.</doc>
<msg timestamp="20220907 13:25:30.429" level="INFO">Typing text 'Rib-eye' into text field 'name=image_url'.</msg>
<status status="PASS" starttime="20220907 13:25:30.427" endtime="20220907 13:25:30.816"/>
</kw>
<kw name="Click Element" library="SeleniumLibrary">
<arg>${Search}</arg>
<doc>Click the element identified by ``locator``.</doc>
<msg timestamp="20220907 13:25:30.816" level="INFO">Clicking element 'id=dining_search_icon'.</msg>
<status status="PASS" starttime="20220907 13:25:30.816" endtime="20220907 13:25:31.228"/>
</kw>
<kw name="Click Element" library="SeleniumLibrary">
<arg>id=image_866831</arg>
<doc>Click the element identified by ``locator``.</doc>
<msg timestamp="20220907 13:25:31.237" level="INFO">Clicking element 'id=image_866831'.</msg>
<status status="PASS" starttime="20220907 13:25:31.233" endtime="20220907 13:25:32.323"/>
</kw>
<kw name="Click Element" library="SeleniumLibrary">
<arg>${DONE}</arg>
<doc>Click the element identified by ``locator``.</doc>
<msg timestamp="20220907 13:25:32.329" level="INFO">Clicking element 'id=done_btn'.</msg>
<status status="PASS" starttime="20220907 13:25:32.326" endtime="20220907 13:25:32.728"/>
</kw>
<kw name="Execute Javascript" library="SeleniumLibrary">
<arg>window.scrollTo(0,document.body.scrollHeight)</arg>
<doc>Executes the given JavaScript code with possible arguments.</doc>
<msg timestamp="20220907 13:25:32.730" level="INFO">Executing JavaScript:
window.scrollTo(0,document.body.scrollHeight)
Without any arguments.</msg>
<status status="PASS" starttime="20220907 13:25:32.729" endtime="20220907 13:25:32.804"/>
</kw>
<kw name="Sleep" library="BuiltIn">
<arg>1</arg>
<doc>Pauses the test executed for the given time.</doc>
<msg timestamp="20220907 13:25:33.816" level="INFO">Slept 1 second</msg>
<status status="PASS" starttime="20220907 13:25:32.805" endtime="20220907 13:25:33.816"/>
</kw>
<kw name="Execute Javascript" library="SeleniumLibrary">
<arg>window.scrollTo(0,document.body.scrollDown)</arg>
<doc>Executes the given JavaScript code with possible arguments.</doc>
<msg timestamp="20220907 13:25:33.816" level="INFO">Executing JavaScript:
window.scrollTo(0,document.body.scrollDown)
Without any arguments.</msg>
<status status="PASS" starttime="20220907 13:25:33.816" endtime="20220907 13:25:33.821"/>
</kw>
<kw name="Scroll Element Into View" library="SeleniumLibrary">
<arg>${tags}</arg>
<doc>Scrolls the element identified by ``locator`` into view.</doc>
<status status="PASS" starttime="20220907 13:25:33.822" endtime="20220907 13:25:34.096"/>
</kw>
<kw name="Input Text" library="SeleniumLibrary">
<arg>${tags}</arg>
<arg>Delicious</arg>
<doc>Types the given ``text`` into the text field identified by ``locator``.</doc>
<msg timestamp="20220907 13:25:34.097" level="INFO">Typing text 'Delicious' into text field 'id=add_dining_tags'.</msg>
<status status="PASS" starttime="20220907 13:25:34.097" endtime="20220907 13:25:34.648"/>
</kw>
<kw name="Press Keys" library="SeleniumLibrary">
<arg>${tags}</arg>
<arg>ENTER</arg>
<doc>Simulates the user pressing key(s) to an element or on the active browser.</doc>
<msg timestamp="20220907 13:25:34.651" level="INFO">Sending key(s) ('ENTER',) to id=add_dining_tags element.</msg>
<msg timestamp="20220907 13:25:34.930" level="INFO">Pressing special key ENTER to element.</msg>
<msg timestamp="20220907 13:25:34.930" level="INFO">Releasing special key ENTER.</msg>
<status status="PASS" starttime="20220907 13:25:34.649" endtime="20220907 13:25:35.007"/>
</kw>
<kw name="Input Text" library="SeleniumLibrary">
<arg>${tags}</arg>
<arg>Super Dinner</arg>
<doc>Types the given ``text`` into the text field identified by ``locator``.</doc>
<msg timestamp="20220907 13:25:35.009" level="INFO">Typing text 'Super Dinner' into text field 'id=add_dining_tags'.</msg>
<status status="PASS" starttime="20220907 13:25:35.008" endtime="20220907 13:25:35.723"/>
</kw>
<kw name="Press Keys" library="SeleniumLibrary">
<arg>${tags}</arg>
<arg>ENTER</arg>
<doc>Simulates the user pressing key(s) to an element or on the active browser.</doc>
<msg timestamp="20220907 13:25:35.725" level="INFO">Sending key(s) ('ENTER',) to id=add_dining_tags element.</msg>
<msg timestamp="20220907 13:25:36.036" level="INFO">Pressing special key ENTER to element.</msg>
<msg timestamp="20220907 13:25:36.036" level="INFO">Releasing special key ENTER.</msg>
<status status="PASS" starttime="20220907 13:25:35.724" endtime="20220907 13:25:36.103"/>
</kw>
<kw name="Click Element" library="SeleniumLibrary">
<arg>${Dinner}</arg>
<doc>Click the element identified by ``locator``.</doc>
<msg timestamp="20220907 13:25:36.104" level="INFO">Clicking element 'id=icon_6155b016d8ca9945efb2e724'.</msg>
<status status="PASS" starttime="20220907 13:25:36.104" endtime="20220907 13:25:36.470"/>
</kw>
<kw name="Select Checkbox" library="SeleniumLibrary">
<arg>${Hide_Print}</arg>
<doc>Selects the checkbox identified by ``locator``.</doc>
<msg timestamp="20220907 13:25:36.471" level="INFO">Selecting checkbox 'id=dining_hideOnPrinting_switch'.</msg>
<status status="PASS" starttime="20220907 13:25:36.470" endtime="20220907 13:25:36.741"/>
</kw>
<kw name="Unselect Checkbox" library="SeleniumLibrary">
<arg>${Hide_Print}</arg>
<doc>Removes the selection of checkbox identified by ``locator``.</doc>
<msg timestamp="20220907 13:25:36.746" level="INFO">Unselecting checkbox 'id=dining_hideOnPrinting_switch'.</msg>
<status status="PASS" starttime="20220907 13:25:36.743" endtime="20220907 13:25:37.051"/>
</kw>
<kw name="Click Element" library="SeleniumLibrary">
<arg>${Start-Date}</arg>
<doc>Click the element identified by ``locator``.</doc>
<msg timestamp="20220907 13:25:37.053" level="INFO">Clicking element 'id=add_dining_start_date'.</msg>
<status status="PASS" starttime="20220907 13:25:37.052" endtime="20220907 13:25:37.305"/>
</kw>
<kw name="Press Keys" library="SeleniumLibrary">
<arg>${Calendar_Btn}</arg>
<arg>Enter</arg>
<doc>Simulates the user pressing key(s) to an element or on the active browser.</doc>
<msg timestamp="20220907 13:25:37.306" level="INFO">Sending key(s) ('Enter',) to id=Calendar_Btn_StartDate_add_dining_start_date element.</msg>
<msg timestamp="20220907 13:25:37.772" level="INFO">Sending keys Enter</msg>
<status status="PASS" starttime="20220907 13:25:37.306" endtime="20220907 13:25:37.911"/>
</kw>
<kw name="Click Element" library="SeleniumLibrary">
<arg>${advance_month}</arg>
<doc>Click the element identified by ``locator``.</doc>
<msg timestamp="20220907 13:25:37.917" level="INFO">Clicking element 'id=calendarHeader_rightArrow'.</msg>
<status status="PASS" starttime="20220907 13:25:37.915" endtime="20220907 13:25:38.480"/>
</kw>
<kw name="Execute Javascript" library="SeleniumLibrary">
<arg>${oct10}</arg>
<doc>Executes the given JavaScript code with possible arguments.</doc>
<msg timestamp="20220907 13:25:38.483" level="INFO">Executing JavaScript:
document.getElementsByClassName('MuiButtonBase-root MuiIconButton-root MuiPickersDay-day')[15].click()
Without any arguments.</msg>
<status status="PASS" starttime="20220907 13:25:38.482" endtime="20220907 13:25:38.813"/>
</kw>
<kw name="Scroll Element Into View" library="SeleniumLibrary">
<arg>${tags}</arg>
<doc>Scrolls the element identified by ``locator`` into view.</doc>
<status status="PASS" starttime="20220907 13:25:38.813" endtime="20220907 13:25:39.254"/>
</kw>
<kw name="Mouse Down" library="SeleniumLibrary">
<arg>${tags}</arg>
<doc>Simulates pressing the left mouse button on the element ``locator``.</doc>
<msg timestamp="20220907 13:25:39.254" level="INFO">Simulating Mouse Down on element 'id=add_dining_tags'.</msg>
<status status="PASS" starttime="20220907 13:25:39.254" endtime="20220907 13:25:39.582"/>
</kw>
<kw name="Click Element" library="SeleniumLibrary">
<arg>${tags}</arg>
<doc>Click the element identified by ``locator``.</doc>
<msg timestamp="20220907 13:25:39.584" level="INFO">Clicking element 'id=add_dining_tags'.</msg>
<status status="PASS" starttime="20220907 13:25:39.583" endtime="20220907 13:25:39.900"/>
</kw>
<kw name="Scroll Element Into View" library="SeleniumLibrary">
<arg>${Tab_Repeats}</arg>
<doc>Scrolls the element identified by ``locator`` into view.</doc>
<status status="PASS" starttime="20220907 13:25:39.900" endtime="20220907 13:25:40.185"/>
</kw>
<kw name="Click Element" library="SeleniumLibrary">
<arg>${Tab_Repeats}</arg>
<doc>Click the element identified by ``locator``.</doc>
<msg timestamp="20220907 13:25:40.187" level="INFO">Clicking element 'id=RepeatValue'.</msg>
<status status="PASS" starttime="20220907 13:25:40.186" endtime="20220907 13:25:40.510"/>
</kw>
<kw name="Click Element" library="SeleniumLibrary">
<arg>${Recurre_Monthly}</arg>
<doc>Click the element identified by ``locator``.</doc>
<msg timestamp="20220907 13:25:40.512" level="INFO">Clicking element 'id=RepeatValue-option-3'.</msg>
<status status="PASS" starttime="20220907 13:25:40.511" endtime="20220907 13:25:40.947"/>
</kw>
<kw name="Double Click Element" library="SeleniumLibrary">
<arg>${modify_day}</arg>
<doc>Double clicks the element identified by ``locator``.</doc>
<msg timestamp="20220907 13:25:40.948" level="INFO">Double clicking element 'id=RepeatInterval'.</msg>
<status status="PASS" starttime="20220907 13:25:40.947" endtime="20220907 13:25:41.275"/>
</kw>
<kw name="Choose File" library="SeleniumLibrary">
<arg>${modify_day}</arg>
<arg>3</arg>
<doc>Inputs the ``file_path`` into the file input field ``locator``.</doc>
<msg timestamp="20220907 13:25:41.276" level="INFO">Sending C:\Users\Alejandro\Desktop\CMS_Recurrence_Monthly\3 to browser.</msg>
<status status="PASS" starttime="20220907 13:25:41.276" endtime="20220907 13:25:41.526"/>
</kw>
<kw name="Click Element" library="SeleniumLibrary">
<arg>${Simbol_on_day2}</arg>
<doc>Click the element identified by ``locator``.</doc>
<msg timestamp="20220907 13:25:41.527" level="INFO">Clicking element 'name=radio-btn_onT'.</msg>
<status status="PASS" starttime="20220907 13:25:41.526" endtime="20220907 13:25:41.902"/>
</kw>
<kw name="Click Element" library="SeleniumLibrary">
<arg>${PositionSelect}</arg>
<doc>Click the element identified by ``locator``.</doc>
<msg timestamp="20220907 13:25:41.906" level="INFO">Clicking element 'id=OrdinalPositionSelect'.</msg>
<status status="PASS" starttime="20220907 13:25:41.904" endtime="20220907 13:25:42.477"/>
</kw>
<kw name="Click Element" library="SeleniumLibrary">
<arg>${Select_Fourth}</arg>
<doc>Click the element identified by ``locator``.</doc>
<msg timestamp="20220907 13:25:42.477" level="INFO">Clicking element 'OrdinalPositionSelect-option-3'.</msg>
<status status="PASS" starttime="20220907 13:25:42.477" endtime="20220907 13:25:42.719"/>
</kw>
<kw name="Click Element" library="SeleniumLibrary">
<arg>${Date_Select}</arg>
<doc>Click the element identified by ``locator``.</doc>
<msg timestamp="20220907 13:25:42.720" level="INFO">Clicking element 'id=MonthlyWeekDatSelect'.</msg>
<status status="PASS" starttime="20220907 13:25:42.720" endtime="20220907 13:25:43.140"/>
</kw>
<kw name="Click Element" library="SeleniumLibrary">
<arg>${Select_Saturday}</arg>
<doc>Click the element identified by ``locator``.</doc>
<msg timestamp="20220907 13:25:43.141" level="INFO">Clicking element 'MonthlyWeekDatSelect-option-6'.</msg>
<status status="PASS" starttime="20220907 13:25:43.140" endtime="20220907 13:25:43.451"/>
</kw>
<kw name="Double Click Element" library="SeleniumLibrary">
<arg>${modify_Occurrences}</arg>
<doc>Double clicks the element identified by ``locator``.</doc>
<msg timestamp="20220907 13:25:43.451" level="INFO">Double clicking element 'id=OccurrencesField'.</msg>
<status status="PASS" starttime="20220907 13:25:43.451" endtime="20220907 13:25:43.934"/>
</kw>
<kw name="Choose File" library="SeleniumLibrary">
<arg>${modify_Occurrences}</arg>
<arg>3</arg>
<doc>Inputs the ``file_path`` into the file input field ``locator``.</doc>
<msg timestamp="20220907 13:25:43.935" level="INFO">Sending C:\Users\Alejandro\Desktop\CMS_Recurrence_Monthly\3 to browser.</msg>
<status status="PASS" starttime="20220907 13:25:43.935" endtime="20220907 13:25:44.116"/>
</kw>
<kw name="Scroll Element Into View" library="SeleniumLibrary">
<arg>${SaveRecurrence}</arg>
<doc>Scrolls the element identified by ``locator`` into view.</doc>
<status status="PASS" starttime="20220907 13:25:44.118" endtime="20220907 13:25:44.418"/>
</kw>
<kw name="Click Element" library="SeleniumLibrary">
<arg>${SaveRecurrence}</arg>
<doc>Click the element identified by ``locator``.</doc>
<msg timestamp="20220907 13:25:44.419" level="INFO">Clicking element 'id=saveRecurrenceObj'.</msg>
<status status="PASS" starttime="20220907 13:25:44.419" endtime="20220907 13:25:44.973"/>
</kw>
<kw name="Scroll Element Into View" library="SeleniumLibrary">
<arg>${Save_btn}</arg>
<doc>Scrolls the element identified by ``locator`` into view.</doc>
<status status="PASS" starttime="20220907 13:25:44.974" endtime="20220907 13:25:45.236"/>
</kw>
<kw name="Element Text Should Be" library="SeleniumLibrary">
<arg>${Save_btn}</arg>
<arg>Save</arg>
<doc>Verifies that element ``locator`` contains exact the text ``expected``.</doc>
<msg timestamp="20220907 13:25:45.237" level="INFO">Verifying element 'id=add_dining_save_btn' contains exact text 'Save'.</msg>
<status status="PASS" starttime="20220907 13:25:45.237" endtime="20220907 13:25:45.243"/>
</kw>
<kw name="Click Element" library="SeleniumLibrary">
<arg>${Save_btn}</arg>
<doc>Click the element identified by ``locator``.</doc>
<msg timestamp="20220907 13:25:45.243" level="INFO">Clicking element 'id=add_dining_save_btn'.</msg>
<status status="PASS" starttime="20220907 13:25:45.243" endtime="20220907 13:25:45.966"/>
</kw>
<kw name="Click Element" library="SeleniumLibrary">
<arg>${Save_btn}</arg>
<doc>Click the element identified by ``locator``.</doc>
<msg timestamp="20220907 13:25:45.966" level="INFO">Clicking element 'id=add_dining_save_btn'.</msg>
<status status="PASS" starttime="20220907 13:25:45.966" endtime="20220907 13:25:46.292"/>
</kw>
<kw name="Wait Until Element Is Visible" library="SeleniumLibrary">
<arg>${Message_Accept}</arg>
<doc>Waits until the element ``locator`` is visible.</doc>
<status status="PASS" starttime="20220907 13:25:46.292" endtime="20220907 13:25:48.406"/>
</kw>
<kw name="Element Should Be Visible" library="SeleniumLibrary">
<arg>${Message_Accept}</arg>
<arg>This meal has been added succesfully</arg>
<doc>Verifies that the element identified by ``locator`` is visible.</doc>
<msg timestamp="20220907 13:25:48.597" level="INFO">Element 'id=alert_AddDining_Success' is displayed.</msg>
<status status="PASS" starttime="20220907 13:25:48.407" endtime="20220907 13:25:48.597"/>
</kw>
<kw name="Reload Page" library="SeleniumLibrary">
<doc>Simulates user reloading page.</doc>
<status status="PASS" starttime="20220907 13:25:48.597" endtime="20220907 13:25:54.813"/>
</kw>
<kw name="Wait Until Element Is Visible" library="SeleniumLibrary">
<arg>${Text_Image}</arg>
<doc>Waits until the element ``locator`` is visible.</doc>
<status status="PASS" starttime="20220907 13:25:54.814" endtime="20220907 13:25:58.987"/>
</kw>
<kw name="Set Focus To Element" library="SeleniumLibrary">
<arg>${Text_Image}</arg>
<doc>Sets the focus to the element identified by ``locator``.</doc>
<status status="PASS" starttime="20220907 13:25:58.988" endtime="20220907 13:25:59.032"/>
</kw>
<kw name="Mouse Over" library="SeleniumLibrary">
<arg>${Text_Image}</arg>
<doc>Simulates hovering the mouse over the element ``locator``.</doc>
<msg timestamp="20220907 13:25:59.033" level="INFO">Simulating Mouse Over on element 'id=id_dining_header_list_image'.</msg>
<status status="PASS" starttime="20220907 13:25:59.033" endtime="20220907 13:25:59.485"/>
</kw>
<kw name="Execute Javascript" library="SeleniumLibrary">
<arg>document.getElementsByClassName('MuiIconButton-label')[6].click()</arg>
<doc>Executes the given JavaScript code with possible arguments.</doc>
<msg timestamp="20220907 13:25:59.487" level="INFO">Executing JavaScript:
document.getElementsByClassName('MuiIconButton-label')[6].click()
Without any arguments.</msg>
<status status="PASS" starttime="20220907 13:25:59.486" endtime="20220907 13:25:59.655"/>
</kw>
<kw name="Scroll Element Into View" library="SeleniumLibrary">
<arg>${Search_Button}</arg>
<doc>Scrolls the element identified by ``locator`` into view.</doc>
<status status="PASS" starttime="20220907 13:25:59.656" endtime="20220907 13:25:59.937"/>
</kw>
<kw name="Wait Until Element Is Visible" library="SeleniumLibrary">
<arg>${Search_Button}</arg>
<doc>Waits until the element ``locator`` is visible.</doc>
<status status="PASS" starttime="20220907 13:25:59.937" endtime="20220907 13:25:59.999"/>
</kw>
<kw name="Set Focus To Element" library="SeleniumLibrary">
<arg>${Search_Button}</arg>
<doc>Sets the focus to the element identified by ``locator``.</doc>
<status status="PASS" starttime="20220907 13:26:00.000" endtime="20220907 13:26:00.181"/>
</kw>
<kw name="Mouse Down" library="SeleniumLibrary">
<arg>${Search_Button}</arg>
<doc>Simulates pressing the left mouse button on the element ``locator``.</doc>
<msg timestamp="20220907 13:26:00.182" level="INFO">Simulating Mouse Down on element 'id=search_btn'.</msg>
<status status="PASS" starttime="20220907 13:26:00.181" endtime="20220907 13:26:00.605"/>
</kw>
<kw name="Sleep" library="BuiltIn">
<arg>0.5</arg>
<doc>Pauses the test executed for the given time.</doc>
<msg timestamp="20220907 13:26:01.114" level="INFO">Slept 500 milliseconds</msg>
<status status="PASS" starttime="20220907 13:26:00.612" endtime="20220907 13:26:01.115"/>
</kw>
<kw name="Click Element" library="SeleniumLibrary">
<arg>${Search_Button}</arg>
<doc>Click the element identified by ``locator``.</doc>
<msg timestamp="20220907 13:26:01.117" level="INFO">Clicking element 'id=search_btn'.</msg>
<status status="PASS" starttime="20220907 13:26:01.116" endtime="20220907 13:26:01.539"/>
</kw>
<kw name="Click Element" library="SeleniumLibrary">
<arg>${clear_search}</arg>
<doc>Click the element identified by ``locator``.</doc>
<msg timestamp="20220907 13:26:01.541" level="INFO">Clicking element 'id=dinings_clear_btn'.</msg>
<status status="PASS" starttime="20220907 13:26:01.540" endtime="20220907 13:26:01.882"/>
</kw>
<kw name="Double Click Element" library="SeleniumLibrary">
<arg>id=filters_btn</arg>
<doc>Double clicks the element identified by ``locator``.</doc>
<msg timestamp="20220907 13:26:01.884" level="INFO">Double clicking element 'id=filters_btn'.</msg>
<status status="PASS" starttime="20220907 13:26:01.883" endtime="20220907 13:26:02.472"/>
</kw>
<kw name="Click Image" library="SeleniumLibrary">
<arg>https://engage360.s3.amazonaws.com/Icons/Categories/times-circle.svg</arg>
<doc>Clicks an image identified by ``locator``.</doc>
<msg timestamp="20220907 13:26:02.473" level="INFO">Clicking image 'https://engage360.s3.amazonaws.com/Icons/Categories/times-circle.svg'.</msg>
<status status="PASS" starttime="20220907 13:26:02.472" endtime="20220907 13:26:02.910"/>
</kw>
<kw name="Scroll Element Into View" library="SeleniumLibrary">
<arg>${Button_SelectAll}</arg>
<doc>Scrolls the element identified by ``locator`` into view.</doc>
<status status="PASS" starttime="20220907 13:26:02.912" endtime="20220907 13:26:03.241"/>
</kw>
<kw name="Wait Until Element Is Visible" library="SeleniumLibrary">
<arg>${Button_SelectAll}</arg>
<doc>Waits until the element ``locator`` is visible.</doc>
<status status="PASS" starttime="20220907 13:26:03.241" endtime="20220907 13:26:03.256"/>
</kw>
<kw name="Set Focus To Element" library="SeleniumLibrary">
<arg>${Button_SelectAll}</arg>
<doc>Sets the focus to the element identified by ``locator``.</doc>
<status status="PASS" starttime="20220907 13:26:03.258" endtime="20220907 13:26:03.264"/>
</kw>
<kw name="Click Element" library="SeleniumLibrary">
<arg>${Button_SelectAll}</arg>
<doc>Click the element identified by ``locator``.</doc>
<msg timestamp="20220907 13:26:03.265" level="INFO">Clicking element 'id=addEditDevice_Headers_SelectAll'.</msg>
<status status="PASS" starttime="20220907 13:26:03.265" endtime="20220907 13:26:03.629"/>
</kw>
<kw name="Scroll Element Into View" library="SeleniumLibrary">
<arg>${delete_multiple}</arg>
<doc>Scrolls the element identified by ``locator`` into view.</doc>
<status status="PASS" starttime="20220907 13:26:03.629" endtime="20220907 13:26:03.909"/>
</kw>
<kw name="Set Focus To Element" library="SeleniumLibrary">
<arg>${delete_multiple}</arg>
<doc>Sets the focus to the element identified by ``locator``.</doc>
<status status="PASS" starttime="20220907 13:26:03.909" endtime="20220907 13:26:03.918"/>
</kw>
<kw name="Click Element" library="SeleniumLibrary">
<arg>${delete_multiple}</arg>
<doc>Click the element identified by ``locator``.</doc>
<msg timestamp="20220907 13:26:03.919" level="INFO">Clicking element 'id=delete_multiple_dinings'.</msg>
<status status="PASS" starttime="20220907 13:26:03.919" endtime="20220907 13:26:04.238"/>
</kw>
<kw name="Wait Until Element Is Visible" library="SeleniumLibrary">
<arg>${delete_Yes}</arg>
<doc>Waits until the element ``locator`` is visible.</doc>
<status status="PASS" starttime="20220907 13:26:04.239" endtime="20220907 13:26:04.254"/>
</kw>
<kw name="Set Focus To Element" library="SeleniumLibrary">
<arg>${delete_Yes}</arg>
<doc>Sets the focus to the element identified by ``locator``.</doc>
<status status="PASS" starttime="20220907 13:26:04.254" endtime="20220907 13:26:04.258"/>
</kw>
<kw name="Click Element" library="SeleniumLibrary">
<arg>${delete_Yes}</arg>
<doc>Click the element identified by ``locator``.</doc>
<msg timestamp="20220907 13:26:04.259" level="INFO">Clicking element '//div[contains(text(),'Yes, Delete')]'.</msg>
<status status="PASS" starttime="20220907 13:26:04.258" endtime="20220907 13:26:04.640"/>
</kw>
<tag>Case 1</tag>
<tag>Validation Test</tag>
<status status="PASS" starttime="20220907 13:25:16.633" endtime="20220907 13:26:04.641"/>
</test>
<doc>CMS-Engage360 Community Waterford</doc>
<status status="PASS" starttime="20220907 13:25:00.798" endtime="20220907 13:26:04.642"/>
</suite>
<statistics>
<total>
<stat pass="1" fail="0" skip="0">All Tests</stat>
</total>
<tag>
<stat pass="1" fail="0" skip="0">Case 1</stat>
<stat pass="1" fail="0" skip="0">Validation Test</stat>
</tag>
<suite>
<stat pass="1" fail="0" skip="0" id="s1" name="Recurre Month Dinner">Recurre Month Dinner</stat>
</suite>
</statistics>
<errors>
</errors>
</robot>
